This is pdfTeX, Version 3.14159265-2.6-1.40.19 (MiKTeX 2.9.6730 64-bit) (preloaded format=pdflatex 2018.8.17)  17 DEC 2018 16:13
entering extended mode
**./GMATBoundaryFunctionUserGuidePython.tex
(GMATBoundaryFunctionUserGuidePython.tex
LaTeX2e <2018-04-01> patch level 5
("C:\Users\nhatten\AppData\Local\Programs\MiKTeX 2.9\tex\latex\base\article.cls
"
Document Class: article 2014/09/29 v1.4h Standard LaTeX document class
("C:\Users\nhatten\AppData\Local\Programs\MiKTeX 2.9\tex\latex\base\size10.clo"
File: size10.clo 2014/09/29 v1.4h Standard LaTeX file (size option)
)
\c@part=\count80
\c@section=\count81
\c@subsection=\count82
\c@subsubsection=\count83
\c@paragraph=\count84
\c@subparagraph=\count85
\c@figure=\count86
\c@table=\count87
\abovecaptionskip=\skip41
\belowcaptionskip=\skip42
\bibindent=\dimen102
)
("C:\Users\nhatten\AppData\Local\Programs\MiKTeX 2.9\tex\latex\amsmath\amsmath.
sty"
Package: amsmath 2017/09/02 v2.17a AMS math features
\@mathmargin=\skip43

For additional information on amsmath, use the `?' option.

("C:\Users\nhatten\AppData\Local\Programs\MiKTeX 2.9\tex\latex\amsmath\amstext.
sty"
Package: amstext 2000/06/29 v2.01 AMS text

("C:\Users\nhatten\AppData\Local\Programs\MiKTeX 2.9\tex\latex\amsmath\amsgen.s
ty"
File: amsgen.sty 1999/11/30 v2.0 generic functions
\@emptytoks=\toks14
\ex@=\dimen103
))
("C:\Users\nhatten\AppData\Local\Programs\MiKTeX 2.9\tex\latex\amsmath\amsbsy.s
ty"
Package: amsbsy 1999/11/29 v1.2d Bold Symbols
\pmbraise@=\dimen104
)
("C:\Users\nhatten\AppData\Local\Programs\MiKTeX 2.9\tex\latex\amsmath\amsopn.s
ty"
Package: amsopn 2016/03/08 v2.02 operator names
)
\inf@bad=\count88
LaTeX Info: Redefining \frac on input line 213.
\uproot@=\count89
\leftroot@=\count90
LaTeX Info: Redefining \overline on input line 375.
\classnum@=\count91
\DOTSCASE@=\count92
LaTeX Info: Redefining \ldots on input line 472.
LaTeX Info: Redefining \dots on input line 475.
LaTeX Info: Redefining \cdots on input line 596.
\Mathstrutbox@=\box26
\strutbox@=\box27
\big@size=\dimen105
LaTeX Font Info:    Redeclaring font encoding OML on input line 712.
LaTeX Font Info:    Redeclaring font encoding OMS on input line 713.
\macc@depth=\count93
\c@MaxMatrixCols=\count94
\dotsspace@=\muskip10
\c@parentequation=\count95
\dspbrk@lvl=\count96
\tag@help=\toks15
\row@=\count97
\column@=\count98
\maxfields@=\count99
\andhelp@=\toks16
\eqnshift@=\dimen106
\alignsep@=\dimen107
\tagshift@=\dimen108
\tagwidth@=\dimen109
\totwidth@=\dimen110
\lineht@=\dimen111
\@envbody=\toks17
\multlinegap=\skip44
\multlinetaggap=\skip45
\mathdisplay@stack=\toks18
LaTeX Info: Redefining \[ on input line 2817.
LaTeX Info: Redefining \] on input line 2818.
) (GMATBoundaryFunctionUserGuidePython.aux)
\openout1 = `GMATBoundaryFunctionUserGuidePython.aux'.

LaTeX Font Info:    Checking defaults for OML/cmm/m/it on input line 9.
LaTeX Font Info:    ... okay on input line 9.
LaTeX Font Info:    Checking defaults for T1/cmr/m/n on input line 9.
LaTeX Font Info:    ... okay on input line 9.
LaTeX Font Info:    Checking defaults for OT1/cmr/m/n on input line 9.
LaTeX Font Info:    ... okay on input line 9.
LaTeX Font Info:    Checking defaults for OMS/cmsy/m/n on input line 9.
LaTeX Font Info:    ... okay on input line 9.
LaTeX Font Info:    Checking defaults for OMX/cmex/m/n on input line 9.
LaTeX Font Info:    ... okay on input line 9.
LaTeX Font Info:    Checking defaults for U/cmr/m/n on input line 9.
LaTeX Font Info:    ... okay on input line 9.

(GMATBoundaryFunctionUserGuidePython.toc
LaTeX Font Info:    Font shape `OT1/cmtt/bx/n' in size <10> not available
(Font)              Font shape `OT1/cmtt/m/n' tried instead on input line 4.
)
\tf@toc=\write3
\openout3 = `GMATBoundaryFunctionUserGuidePython.toc'.

 [1

{C:/Users/nhatten/AppData/Local/MiKTeX/2.9/pdftex/config/pdftex.map}]
LaTeX Font Info:    Font shape `OT1/cmtt/bx/n' in size <14.4> not available
(Font)              Font shape `OT1/cmtt/m/n' tried instead on input line 40.
LaTeX Font Info:    Try loading font information for OMS+cmr on input line 55.

("C:\Users\nhatten\AppData\Local\Programs\MiKTeX 2.9\tex\latex\base\omscmr.fd"
File: omscmr.fd 2014/09/29 v2.5h Standard LaTeX font definitions
)
LaTeX Font Info:    Font shape `OMS/cmr/m/n' in size <10> not available
(Font)              Font shape `OMS/cmsy/m/n' tried instead on input line 55.
[2]
Overfull \hbox (1.49698pt too wide) in paragraph at lines 123--123
[]\OT1/cmtt/m/n/10 pConfig.Units = ["DU", "ANGU", "ANGU", "VU", "ANGU", "ANGU",
 "MU"][] 
 []

[3] [4] [5] [6]
Overfull \hbox (0.92464pt too wide) in paragraph at lines 322--323
[]\OT1/cmtt/m/n/10 phaseConfig\OT1/cmr/m/n/10 : \OT1/cmtt/m/n/10 phaseConfig \O
T1/cmr/m/n/10 ob-ject; the \OT1/cmtt/m/n/10 PhaseConfig \OT1/cmr/m/n/10 ob-ject
 for point
 []

[7] [8] [9]
Overfull \hbox (59.24648pt too wide) in paragraph at lines 453--453
[]\OT1/cmtt/m/n/10 vFun.SetNumPoints(1) # set the number of points on which the
 function depends[] 
 []


Overfull \hbox (1.49698pt too wide) in paragraph at lines 453--453
[]\OT1/cmtt/m/n/10 vFun.SetNumFunctions(1) # set the dimension of the function 
vector[] 
 []


Overfull \hbox (85.49625pt too wide) in paragraph at lines 453--453
[]\OT1/cmtt/m/n/10 vFun.SetPhaseConfig(0,pConfig) # set the configuration objec
t for the zeroth point[] 
 []


Overfull \hbox (43.49661pt too wide) in paragraph at lines 453--453
[]\OT1/cmtt/m/n/10 vFun.SetFunConfig(fConfig) # set the configuration object fo
r the function[] 
 []


Overfull \hbox (53.99652pt too wide) in paragraph at lines 453--453
[]\OT1/cmtt/m/n/10 vFun.SetPhaseScaler(0,pScaler) # set the scaling object for 
the zeroth point[] 
 []


Overfull \hbox (22.4968pt too wide) in paragraph at lines 453--453
[]\OT1/cmtt/m/n/10 vFun.SetFunScaler(0,fScaler) # set the scaling object for th
e function[] 
 []


Overfull \hbox (74.99634pt too wide) in paragraph at lines 453--453
[]\OT1/cmtt/m/n/10 vFun.SetFunBounds(funLB, funUB) # set the lower and upper bo
unds on the function[] 
 []


Overfull \hbox (59.24648pt too wide) in paragraph at lines 453--453
[]\OT1/cmtt/m/n/10 vFun.SetCustomSetting(`TargetVelocitySquared', 1000.5) # add
 a custom setting[] 
 []

LaTeX Font Info:    Font shape `OT1/cmtt/bx/n' in size <12> not available
(Font)              Font shape `OT1/cmtt/m/n' tried instead on input line 456.

Overfull \hbox (28.27745pt too wide) in paragraph at lines 459--460
\OT1/cmr/m/n/10 The user is re-quired to write a method for their func-tion cla
ss called \OT1/cmtt/m/n/10 EvaluateFunction
 []

[10]
Overfull \hbox (80.01796pt too wide) in paragraph at lines 489--490
\OT1/cmr/m/n/10 be re-turned. Stings must cor-re-spond to el-e-ments spec-i-fie
d in \OT1/cmtt/m/n/10 PhaseConfig.DecVecData\OT1/cmr/m/n/10 .
 []

[11] [12]
Overfull \hbox (38.24666pt too wide) in paragraph at lines 591--591
[]    \OT1/cmtt/m/n/10 # only the orbit state is required, so only `OrbitState'
 is requested[] 
 []


Overfull \hbox (38.24666pt too wide) in paragraph at lines 591--591
[]    \OT1/cmtt/m/n/10 state = self.GetUnscaledStateForFun(0, returnElements=['
OrbitState'])[] 
 []


Overfull \hbox (85.49625pt too wide) in paragraph at lines 591--591
[]    \OT1/cmtt/m/n/10 # the target value of the square of the velocity is set 
using a custom setting[] 
 []


Overfull \hbox (59.24648pt too wide) in paragraph at lines 591--591
[]    \OT1/cmtt/m/n/10 # funcValue needs to be passed in as an array because le
n() is used on it[] 
 []


Overfull \hbox (59.24648pt too wide) in paragraph at lines 591--591
[]    \OT1/cmtt/m/n/10 funcValue = self.funScaler.ScaleVector([funcValue], self
.funConfig.Units)[] 
 []

[13]
Overfull \hbox (21.69351pt too wide) in paragraph at lines 612--613
[]\OT1/cmtt/m/n/10 deKernel\OT1/cmr/m/n/10 : A bsp file (e.g., de430.bsp) that 
hold ce-les-tial body ephemerides 
 []

[14] (GMATBoundaryFunctionUserGuidePython.aux) ) 
Here is how much of TeX's memory you used:
 885 strings out of 492973
 10994 string characters out of 3125806
 75044 words of memory out of 3000000
 4801 multiletter control sequences out of 15000+200000
 10482 words of font info for 39 fonts, out of 3000000 for 9000
 1141 hyphenation exceptions out of 8191
 27i,10n,21p,603b,278s stack positions out of 5000i,500n,10000p,200000b,50000s
<C:/Users/nhatten/AppData/Local
/Programs/MiKTeX 2.9/fonts/type1/public/amsfonts/cm/cmbx10.pfb><C:/Users/nhatte
n/AppData/Local/Programs/MiKTeX 2.9/fonts/type1/public/amsfonts/cm/cmbx12.pfb><
C:/Users/nhatten/AppData/Local/Programs/MiKTeX 2.9/fonts/type1/public/amsfonts/
cm/cmbx9.pfb><C:/Users/nhatten/AppData/Local/Programs/MiKTeX 2.9/fonts/type1/pu
blic/amsfonts/cm/cmmi10.pfb><C:/Users/nhatten/AppData/Local/Programs/MiKTeX 2.9
/fonts/type1/public/amsfonts/cm/cmmi7.pfb><C:/Users/nhatten/AppData/Local/Progr
ams/MiKTeX 2.9/fonts/type1/public/amsfonts/cm/cmr10.pfb><C:/Users/nhatten/AppDa
ta/Local/Programs/MiKTeX 2.9/fonts/type1/public/amsfonts/cm/cmr12.pfb><C:/Users
/nhatten/AppData/Local/Programs/MiKTeX 2.9/fonts/type1/public/amsfonts/cm/cmr17
.pfb><C:/Users/nhatten/AppData/Local/Programs/MiKTeX 2.9/fonts/type1/public/ams
fonts/cm/cmr6.pfb><C:/Users/nhatten/AppData/Local/Programs/MiKTeX 2.9/fonts/typ
e1/public/amsfonts/cm/cmr7.pfb><C:/Users/nhatten/AppData/Local/Programs/MiKTeX 
2.9/fonts/type1/public/amsfonts/cm/cmr8.pfb><C:/Users/nhatten/AppData/Local/Pro
grams/MiKTeX 2.9/fonts/type1/public/amsfonts/cm/cmr9.pfb><C:/Users/nhatten/AppD
ata/Local/Programs/MiKTeX 2.9/fonts/type1/public/amsfonts/cm/cmsy10.pfb><C:/Use
rs/nhatten/AppData/Local/Programs/MiKTeX 2.9/fonts/type1/public/amsfonts/cm/cmt
i10.pfb><C:/Users/nhatten/AppData/Local/Programs/MiKTeX 2.9/fonts/type1/public/
amsfonts/cm/cmtt10.pfb><C:/Users/nhatten/AppData/Local/Programs/MiKTeX 2.9/font
s/type1/public/amsfonts/cm/cmtt12.pfb>
Output written on GMATBoundaryFunctionUserGuidePython.pdf (14 pages, 221211 byt
es).
PDF statistics:
 112 PDF objects out of 1000 (max. 8388607)
 0 named destinations out of 1000 (max. 500000)
 1 words of extra memory for PDF output out of 10000 (max. 10000000)

